<?xml version="1.0" encoding="UTF-8"?>
<!-- Generated by org.testng.reporters.JUnitReportReporter -->
<testsuite hostname="LAPTOP-87FOQESF" failures="0" tests="1" name="Com.Ecommerce.TestCases.TC_GiftCard" time="5.901" errors="0" timestamp="2023-01-23T18:58:27 IST" skipped="0">
  <testcase classname="Com.Ecommerce.TestCases.TC_GiftCard" name="GC" time="5.901"/>
  <system-out/>
</testsuite> <!-- Com.Ecommerce.TestCases.TC_GiftCard -->
